<?xml version="1.0" encoding="UTF-8"?>
<!-- Generated by org.testng.reporters.JUnitReportReporter -->
<testsuite skipped="0" hostname="PRAKASGU-IN" name="TestNGPackage.TestPlanWithDataProvider" tests="3" failures="0" timestamp="05 Nov 2017 04:38:58 GMT" time="0.015" errors="0">
  <testcase name="testCase1" time="0.003" classname="TestNGPackage.TestPlanWithDataProvider"/>
  <testcase name="testCase1" time="0.002" classname="TestNGPackage.TestPlanWithDataProvider"/>
  <testcase name="testCase1" time="0.010" classname="TestNGPackage.TestPlanWithDataProvider"/>
</testsuite> <!-- TestNGPackage.TestPlanWithDataProvider -->
