<?xml version="1.0" encoding="UTF-8"?>
<!-- Generated by org.testng.reporters.JUnitReportReporter -->
<testsuite skipped="0" hostname="PRAKASGU-IN" name="TestNGPackage.Testcases2" tests="2" failures="0" timestamp="05 Nov 2017 04:52:22 GMT" time="0.002" errors="0">
  <testcase name="testCase4" time="0.001" classname="TestNGPackage.Testcases2"/>
  <testcase name="testCase3" time="0.001" classname="TestNGPackage.Testcases2"/>
</testsuite> <!-- TestNGPackage.Testcases2 -->
