<?xml version="1.0" encoding="UTF-8"?>
<!-- Generated by org.testng.reporters.JUnitReportReporter -->
<testsuite skipped="0" hostname="PRAKASGU-IN" name="TestNGPackage.Testcases1" tests="2" failures="0" timestamp="05 Nov 2017 05:21:30 GMT" time="0.008" errors="0">
  <testcase name="testCase2" time="0.006" classname="TestNGPackage.Testcases1"/>
  <testcase name="testCase1" time="0.002" classname="TestNGPackage.Testcases1"/>
</testsuite> <!-- TestNGPackage.Testcases1 -->
