<?xml version="1.0" encoding="UTF-8"?>
<!-- Generated by org.testng.reporters.JUnitReportReporter -->
<testsuite skipped="0" hostname="PRAKASGU-IN" name="TestNGPackage.TestcasesWithParameters" tests="1" failures="0" timestamp="04 Nov 2017 08:14:10 GMT" time="0.016" errors="0">
  <testcase name="testCase" time="0.016" classname="TestNGPackage.TestcasesWithParameters"/>
</testsuite> <!-- TestNGPackage.TestcasesWithParameters -->
