<?xml version="1.0" encoding="UTF-8"?>
<!-- Generated by org.testng.reporters.JUnitReportReporter -->
<testsuite skipped="0" hostname="PRAKASGU-IN" name="TestCases.LoginTestCasesByPageFactory" tests="1" failures="0" timestamp="05 Nov 2017 06:23:49 GMT" time="59.870" errors="0">
  <testcase name="testLogin" time="59.870" classname="TestCases.LoginTestCasesByPageFactory"/>
</testsuite> <!-- TestCases.LoginTestCasesByPageFactory -->
