<?xml version="1.0" encoding="UTF-8"?>
<!-- Generated by org.testng.reporters.JUnitReportReporter -->
<testsuite skipped="0" hostname="PRAKASGU-IN" name="TestCases.LoginTestCases" tests="1" failures="0" timestamp="11 Nov 2017 06:32:27 GMT" time="73.505" errors="0">
  <testcase name="testLogin" time="73.505" classname="TestCases.LoginTestCases"/>
</testsuite> <!-- TestCases.LoginTestCases -->
